  ModoPrueba.cpp
C:\Users\User\Documents\Visual Studio 2022\2025A_PARALELO_GR4\2025A_PARALELO_GR4_Stuff\include\learnopengl\shader.h(55,40): warning C4101: 'e': variable local sin referencia
  (compilando archivo de origen "ModoPrueba.cpp")
  
C:\Users\User\Documents\Visual Studio 2022\2025A_PARALELO_GR4\2025A_PARALELO_GR4_Stuff\include\learnopengl\mesh.h(87,50): warning C4267: 'argumento': conversión de 'size_t' a 'GLsizei'; posible pérdida de datos
  (compilando archivo de origen "ModoPrueba.cpp")
  
C:\Users\User\Documents\Visual Studio 2022\2025A_PARALELO_GR4\2025A_PARALELO_GR4\ModoPrueba.cpp(120,28): warning C4244: 'inicializando': conversión de 'double' a 'float'; posible pérdida de datos
C:\Users\User\Documents\Visual Studio 2022\2025A_PARALELO_GR4\2025A_PARALELO_GR4\ModoPrueba.cpp(377,26): warning C4566: el carácter representado por el nombre de carácter universal '\u02C7' no se puede representar en la página de códigos actual (1252)
C:\Users\User\Documents\Visual Studio 2022\2025A_PARALELO_GR4\2025A_PARALELO_GR4\ModoPrueba.cpp(382,26): warning C4566: el carácter representado por el nombre de carácter universal '\u02C7' no se puede representar en la página de códigos actual (1252)
C:\Users\User\Documents\Visual Studio 2022\2025A_PARALELO_GR4\2025A_PARALELO_GR4\ModoPrueba.cpp(541,17): warning C4244: '=': conversión de 'double' a 'float'; posible pérdida de datos
C:\Users\User\Documents\Visual Studio 2022\2025A_PARALELO_GR4\2025A_PARALELO_GR4\ModoPrueba.cpp(542,17): warning C4244: '=': conversión de 'double' a 'float'; posible pérdida de datos
C:\Users\User\Documents\Visual Studio 2022\2025A_PARALELO_GR4\2025A_PARALELO_GR4\ModoPrueba.cpp(546,19): warning C4244: 'inicializando': conversión de 'double' a 'float'; posible pérdida de datos
C:\Users\User\Documents\Visual Studio 2022\2025A_PARALELO_GR4\2025A_PARALELO_GR4\ModoPrueba.cpp(547,19): warning C4244: 'inicializando': conversión de 'double' a 'float'; posible pérdida de datos
C:\Users\User\Documents\Visual Studio 2022\2025A_PARALELO_GR4\2025A_PARALELO_GR4\ModoPrueba.cpp(549,13): warning C4244: '=': conversión de 'double' a 'float'; posible pérdida de datos
C:\Users\User\Documents\Visual Studio 2022\2025A_PARALELO_GR4\2025A_PARALELO_GR4\ModoPrueba.cpp(550,13): warning C4244: '=': conversión de 'double' a 'float'; posible pérdida de datos
C:\Users\User\Documents\Visual Studio 2022\2025A_PARALELO_GR4\2025A_PARALELO_GR4\ModoPrueba.cpp(558,39): warning C4244: 'argumento': conversión de 'double' a 'float'; posible pérdida de datos
C:\Users\User\Documents\Visual Studio 2022\2025A_PARALELO_GR4\2025A_PARALELO_GR4\ModoPrueba.cpp(559,39): warning C4244: 'argumento': conversión de 'double' a 'float'; posible pérdida de datos
glfw3.lib(init.obj) : warning LNK4099: no se encontró PDB 'glfw3.pdb' con 'glfw3.lib(init.obj)' o en 'C:\Users\User\Documents\Visual Studio 2022\2025A_PARALELO_GR4\x64\Debug\glfw3.pdb'; se vinculará el objeto sin tener en cuenta información de depuración
glfw3.lib(window.obj) : warning LNK4099: no se encontró PDB 'glfw3.pdb' con 'glfw3.lib(window.obj)' o en 'C:\Users\User\Documents\Visual Studio 2022\2025A_PARALELO_GR4\x64\Debug\glfw3.pdb'; se vinculará el objeto sin tener en cuenta información de depuración
glfw3.lib(input.obj) : warning LNK4099: no se encontró PDB 'glfw3.pdb' con 'glfw3.lib(input.obj)' o en 'C:\Users\User\Documents\Visual Studio 2022\2025A_PARALELO_GR4\x64\Debug\glfw3.pdb'; se vinculará el objeto sin tener en cuenta información de depuración
glfw3.lib(context.obj) : warning LNK4099: no se encontró PDB 'glfw3.pdb' con 'glfw3.lib(context.obj)' o en 'C:\Users\User\Documents\Visual Studio 2022\2025A_PARALELO_GR4\x64\Debug\glfw3.pdb'; se vinculará el objeto sin tener en cuenta información de depuración
glfw3.lib(win32_time.obj) : warning LNK4099: no se encontró PDB 'glfw3.pdb' con 'glfw3.lib(win32_time.obj)' o en 'C:\Users\User\Documents\Visual Studio 2022\2025A_PARALELO_GR4\x64\Debug\glfw3.pdb'; se vinculará el objeto sin tener en cuenta información de depuración
glfw3.lib(win32_thread.obj) : warning LNK4099: no se encontró PDB 'glfw3.pdb' con 'glfw3.lib(win32_thread.obj)' o en 'C:\Users\User\Documents\Visual Studio 2022\2025A_PARALELO_GR4\x64\Debug\glfw3.pdb'; se vinculará el objeto sin tener en cuenta información de depuración
glfw3.lib(platform.obj) : warning LNK4099: no se encontró PDB 'glfw3.pdb' con 'glfw3.lib(platform.obj)' o en 'C:\Users\User\Documents\Visual Studio 2022\2025A_PARALELO_GR4\x64\Debug\glfw3.pdb'; se vinculará el objeto sin tener en cuenta información de depuración
glfw3.lib(monitor.obj) : warning LNK4099: no se encontró PDB 'glfw3.pdb' con 'glfw3.lib(monitor.obj)' o en 'C:\Users\User\Documents\Visual Studio 2022\2025A_PARALELO_GR4\x64\Debug\glfw3.pdb'; se vinculará el objeto sin tener en cuenta información de depuración
glfw3.lib(vulkan.obj) : warning LNK4099: no se encontró PDB 'glfw3.pdb' con 'glfw3.lib(vulkan.obj)' o en 'C:\Users\User\Documents\Visual Studio 2022\2025A_PARALELO_GR4\x64\Debug\glfw3.pdb'; se vinculará el objeto sin tener en cuenta información de depuración
glfw3.lib(win32_init.obj) : warning LNK4099: no se encontró PDB 'glfw3.pdb' con 'glfw3.lib(win32_init.obj)' o en 'C:\Users\User\Documents\Visual Studio 2022\2025A_PARALELO_GR4\x64\Debug\glfw3.pdb'; se vinculará el objeto sin tener en cuenta información de depuración
glfw3.lib(null_init.obj) : warning LNK4099: no se encontró PDB 'glfw3.pdb' con 'glfw3.lib(null_init.obj)' o en 'C:\Users\User\Documents\Visual Studio 2022\2025A_PARALELO_GR4\x64\Debug\glfw3.pdb'; se vinculará el objeto sin tener en cuenta información de depuración
glfw3.lib(win32_module.obj) : warning LNK4099: no se encontró PDB 'glfw3.pdb' con 'glfw3.lib(win32_module.obj)' o en 'C:\Users\User\Documents\Visual Studio 2022\2025A_PARALELO_GR4\x64\Debug\glfw3.pdb'; se vinculará el objeto sin tener en cuenta información de depuración
glfw3.lib(win32_monitor.obj) : warning LNK4099: no se encontró PDB 'glfw3.pdb' con 'glfw3.lib(win32_monitor.obj)' o en 'C:\Users\User\Documents\Visual Studio 2022\2025A_PARALELO_GR4\x64\Debug\glfw3.pdb'; se vinculará el objeto sin tener en cuenta información de depuración
glfw3.lib(win32_window.obj) : warning LNK4099: no se encontró PDB 'glfw3.pdb' con 'glfw3.lib(win32_window.obj)' o en 'C:\Users\User\Documents\Visual Studio 2022\2025A_PARALELO_GR4\x64\Debug\glfw3.pdb'; se vinculará el objeto sin tener en cuenta información de depuración
glfw3.lib(win32_joystick.obj) : warning LNK4099: no se encontró PDB 'glfw3.pdb' con 'glfw3.lib(win32_joystick.obj)' o en 'C:\Users\User\Documents\Visual Studio 2022\2025A_PARALELO_GR4\x64\Debug\glfw3.pdb'; se vinculará el objeto sin tener en cuenta información de depuración
glfw3.lib(wgl_context.obj) : warning LNK4099: no se encontró PDB 'glfw3.pdb' con 'glfw3.lib(wgl_context.obj)' o en 'C:\Users\User\Documents\Visual Studio 2022\2025A_PARALELO_GR4\x64\Debug\glfw3.pdb'; se vinculará el objeto sin tener en cuenta información de depuración
glfw3.lib(egl_context.obj) : warning LNK4099: no se encontró PDB 'glfw3.pdb' con 'glfw3.lib(egl_context.obj)' o en 'C:\Users\User\Documents\Visual Studio 2022\2025A_PARALELO_GR4\x64\Debug\glfw3.pdb'; se vinculará el objeto sin tener en cuenta información de depuración
glfw3.lib(osmesa_context.obj) : warning LNK4099: no se encontró PDB 'glfw3.pdb' con 'glfw3.lib(osmesa_context.obj)' o en 'C:\Users\User\Documents\Visual Studio 2022\2025A_PARALELO_GR4\x64\Debug\glfw3.pdb'; se vinculará el objeto sin tener en cuenta información de depuración
glfw3.lib(null_monitor.obj) : warning LNK4099: no se encontró PDB 'glfw3.pdb' con 'glfw3.lib(null_monitor.obj)' o en 'C:\Users\User\Documents\Visual Studio 2022\2025A_PARALELO_GR4\x64\Debug\glfw3.pdb'; se vinculará el objeto sin tener en cuenta información de depuración
glfw3.lib(null_window.obj) : warning LNK4099: no se encontró PDB 'glfw3.pdb' con 'glfw3.lib(null_window.obj)' o en 'C:\Users\User\Documents\Visual Studio 2022\2025A_PARALELO_GR4\x64\Debug\glfw3.pdb'; se vinculará el objeto sin tener en cuenta información de depuración
glfw3.lib(null_joystick.obj) : warning LNK4099: no se encontró PDB 'glfw3.pdb' con 'glfw3.lib(null_joystick.obj)' o en 'C:\Users\User\Documents\Visual Studio 2022\2025A_PARALELO_GR4\x64\Debug\glfw3.pdb'; se vinculará el objeto sin tener en cuenta información de depuración
  2025A_PARALELO_GR4.vcxproj -> C:\Users\User\Documents\Visual Studio 2022\2025A_PARALELO_GR4\x64\Debug\2025A_PARALELO_GR4.exe
